Using pre-set license
Built from '2020.3/staging' branch; Version is '2020.3.26f1 (7298b473bc1a) revision 7510196'; Using compiler version '192528614'; Build Type 'Release'
OS: 'Windows 10  (10.0.19043) 64bit Core' Language: 'en' Physical Memory: 16216 MB
BatchMode: 1, IsHumanControllingUs: 0, StartBugReporterOnCrash: 0, Is64bit: 1, IsPro: 0

COMMAND LINE ARGUMENTS:
C:\Program Files\Unity\Hub\Editor\2020.3.26f1\Editor\Unity.exe
-adb2
-batchMode
-noUpm
-name
AssetImportWorker0
-projectPath
C:/Users/graham/Documents/Unity Projects/HelloCardboard/Oculus Demo
-logFile
Logs/AssetImportWorker0.log
-srvPort
57979
Successfully changed project path to: C:/Users/graham/Documents/Unity Projects/HelloCardboard/Oculus Demo
C:/Users/graham/Documents/Unity Projects/HelloCardboard/Oculus Demo
Using Asset Import Pipeline V2.
Refreshing native plugins compatible for Editor in 61.35 ms, found 6 plugins.
Preloading 1 native plugins for Editor in 0.68 ms.
Initialize engine version: 2020.3.26f1 (7298b473bc1a)
[Subsystems] Discovering subsystems at path C:/Program Files/Unity/Hub/Editor/2020.3.26f1/Editor/Data/Resources/UnitySubsystems
[Subsystems] Discovering subsystems at path C:/Users/graham/Documents/Unity Projects/HelloCardboard/Oculus Demo/Assets
GfxDevice: creating device client; threaded=0
Direct3D:
    Version:  Direct3D 11.0 [level 11.1]
    Renderer: NVIDIA GeForce RTX 2070 Super (ID=0x1ed1)
    Vendor:   
    VRAM:     8011 MB
    Driver:   30.0.14.7141
Shader 'Oculus/OVRMRCameraFrameLit': fallback shader 'Alpha-Diffuse' not found
Initialize mono
Mono path[0] = 'C:/Program Files/Unity/Hub/Editor/2020.3.26f1/Editor/Data/Managed'
Mono path[1] = 'C:/Program Files/Unity/Hub/Editor/2020.3.26f1/Editor/Data/MonoBleedingEdge/lib/mono/unityjit'
Mono config path = 'C:/Program Files/Unity/Hub/Editor/2020.3.26f1/Editor/Data/MonoBleedingEdge/etc'
Using monoOptions --debugger-agent=transport=dt_socket,embedding=1,server=y,suspend=n,address=127.0.0.1:56156
Begin MonoManager ReloadAssembly
Registering precompiled unity dll's ...
Register platform support module: C:/Program Files/Unity/Hub/Editor/2020.3.26f1/Editor/Data/PlaybackEngines/WindowsStandaloneSupport/UnityEditor.WindowsStandalone.Extensions.dll
Registered in 0.000932 seconds.
Native extension for WindowsStandalone target not found
Refreshing native plugins compatible for Editor in 50.46 ms, found 6 plugins.
Preloading 1 native plugins for Editor in 0.05 ms.
Mono: successfully reloaded assembly
- Completed reload, in  0.454 seconds
Domain Reload Profiling:
	ReloadAssembly (454ms)
		BeginReloadAssembly (38ms)
			ExecutionOrderSort (0ms)
			DisableScriptedObjects (0ms)
			BackupInstance (0ms)
			ReleaseScriptingObjects (0ms)
			CreateAndSetChildDomain (1ms)
		EndReloadAssembly (364ms)
			LoadAssemblies (37ms)
			RebuildTransferFunctionScriptingTraits (0ms)
			SetupTypeCache (113ms)
			ReleaseScriptCaches (0ms)
			RebuildScriptCaches (25ms)
			SetupLoadedEditorAssemblies (150ms)
				LogAssemblyErrors (0ms)
				InitializePlatformSupportModulesInManaged (3ms)
				SetLoadedEditorAssemblies (0ms)
				RefreshPlugins (51ms)
				BeforeProcessingInitializeOnLoad (7ms)
				ProcessInitializeOnLoadAttributes (66ms)
				ProcessInitializeOnLoadMethodAttributes (23ms)
				AfterProcessingInitializeOnLoad (0ms)
				EditorAssembliesLoaded (0ms)
			ExecutionOrderSort2 (0ms)
			AwakeInstancesAfterBackupRestoration (0ms)
Platform modules already initialized, skipping
Registering precompiled user dll's ...
Registered in 0.003739 seconds.
Begin MonoManager ReloadAssembly
Native extension for WindowsStandalone target not found
Refreshing native plugins compatible for Editor in 0.73 ms, found 6 plugins.
Preloading 1 native plugins for Editor in 0.06 ms.
[XR] OculusXRPlugin: registering subsystems
[XR] Unable to register display lifecyle provider: [1]
[XR] Oculus Input lifecycle provider registered.
[XR] Unable to register input lifecyle provider: [1]
[XR] OVRP version 1.69.0
Mono: successfully reloaded assembly
- Completed reload, in  0.838 seconds
Domain Reload Profiling:
	ReloadAssembly (838ms)
		BeginReloadAssembly (110ms)
			ExecutionOrderSort (0ms)
			DisableScriptedObjects (4ms)
			BackupInstance (0ms)
			ReleaseScriptingObjects (0ms)
			CreateAndSetChildDomain (14ms)
		EndReloadAssembly (683ms)
			LoadAssemblies (66ms)
			RebuildTransferFunctionScriptingTraits (0ms)
			SetupTypeCache (244ms)
			ReleaseScriptCaches (0ms)
			RebuildScriptCaches (48ms)
			SetupLoadedEditorAssemblies (241ms)
				LogAssemblyErrors (0ms)
				InitializePlatformSupportModulesInManaged (3ms)
				SetLoadedEditorAssemblies (0ms)
				RefreshPlugins (1ms)
				BeforeProcessingInitializeOnLoad (54ms)
				ProcessInitializeOnLoadAttributes (166ms)
				ProcessInitializeOnLoadMethodAttributes (12ms)
				AfterProcessingInitializeOnLoad (3ms)
				EditorAssembliesLoaded (0ms)
			ExecutionOrderSort2 (0ms)
			AwakeInstancesAfterBackupRestoration (5ms)
Platform modules already initialized, skipping
========================================================================
Worker process is ready to serve import requests
Shader 'Oculus/OVRMRCameraFrameLit': fallback shader 'Alpha-Diffuse' not found
Launched and connected shader compiler UnityShaderCompiler.exe after 0.03 seconds
Refreshing native plugins compatible for Editor in 0.69 ms, found 6 plugins.
Preloading 1 native plugins for Editor in 0.06 ms.
Unloading 2600 Unused Serialized files (Serialized files now loaded: 0)
System memory in use before: 118.5 MB.
System memory in use after: 118.7 MB.

Unloading 46 unused Assets to reduce memory usage. Loaded Objects now: 3012.
Total: 2.529000 ms (FindLiveObjects: 0.180700 ms CreateObjectMapping: 0.089700 ms MarkObjects: 2.161400 ms  DeleteObjects: 0.096400 ms)

AssetImportParameters requested are different than current active one (requested -> active):
  custom:framework-win-MediaFoundation: 216162199b28c13a410421893ffa2e32 -> 
  custom:video-decoder-ogg-theora: a1e56fd34408186e4bbccfd4996cb3dc -> 
  custom:container-muxer-webm: aa71ff27fc2769a1b78a27578f13a17b -> 
  custom:container-demuxer-webm: 4f35f7cbe854078d1ac9338744f61a02 -> 
  custom:container-demuxer-ogg: 62fdf1f143b41e24485cea50d1cbac27 -> 
  custom:video-encoder-webm-vp8: eb34c28f22e8b96e1ab97ce403110664 -> 
  custom:video-decoder-webm-vp8: 9c59270c3fd7afecdb556c50c9e8de78 -> 
  custom:audio-decoder-ogg-vorbis: bf7c407c2cedff20999df2af8eb42d56 -> 
  custom:audio-encoder-webm-vorbis: bf7c407c2cedff20999df2af8eb42d56 -> 
========================================================================
Received Import Request.
  path: Assets
  artifactKey: Guid(00000000000000001000000000000000) Importer(815301076,1909f56bfc062723c751e8b465ee728b)
Start importing Assets using Guid(00000000000000001000000000000000) Importer(815301076,1909f56bfc062723c751e8b465ee728b)  -> (artifact id: '42d402b061de3733987d63b9cc3b64de') in 0.003581 seconds 
  Import took 0.006267 seconds .

========================================================================
Received Import Request.
  Time since last request: 4.946925 seconds.
  path: Assets/Materials
  artifactKey: Guid(ca164a6350be9ec43881d7bb4a938877) Importer(815301076,1909f56bfc062723c751e8b465ee728b)
Start importing Assets/Materials using Guid(ca164a6350be9ec43881d7bb4a938877) Importer(815301076,1909f56bfc062723c751e8b465ee728b)  -> (artifact id: 'd7ba4cb226dcb38e98b2e9a038ca8ab2') in 0.001778 seconds 
  Import took 0.005599 seconds .

========================================================================
Received Import Request.
  Time since last request: 23.366815 seconds.
  path: Assets/Materials/floor-color.mat
  artifactKey: Guid(cfadd8e79e55d74439f1d58f588b02f5) Importer(815301076,1909f56bfc062723c751e8b465ee728b)
Start importing Assets/Materials/floor-color.mat using Guid(cfadd8e79e55d74439f1d58f588b02f5) Importer(815301076,1909f56bfc062723c751e8b465ee728b)  -> (artifact id: '7d12047645adeca498171b0f3e9ec59e') in 0.147464 seconds 
  Import took 0.151179 seconds .

========================================================================
Received Import Request.
  Time since last request: 85.947246 seconds.
  path: Assets/Materials/wall-color.mat
  artifactKey: Guid(2d15a95cacdbd02479c999f6f8c3cfae) Importer(815301076,1909f56bfc062723c751e8b465ee728b)
Start importing Assets/Materials/wall-color.mat using Guid(2d15a95cacdbd02479c999f6f8c3cfae) Importer(815301076,1909f56bfc062723c751e8b465ee728b)  -> (artifact id: '1ee5398824748ee5eec71e46168bf777') in 0.009791 seconds 
  Import took 0.013730 seconds .

========================================================================
Received Import Request.
  Time since last request: 8.869844 seconds.
  path: Assets/Materials/ball-color.mat
  artifactKey: Guid(1da14cacb538cc147a235b167064773c) Importer(815301076,1909f56bfc062723c751e8b465ee728b)
Start importing Assets/Materials/ball-color.mat using Guid(1da14cacb538cc147a235b167064773c) Importer(815301076,1909f56bfc062723c751e8b465ee728b)  -> (artifact id: 'b6b80218ba85107e161349e5367269df') in 0.017524 seconds 
  Import took 0.021615 seconds .

========================================================================
Received Import Request.
  Time since last request: 9.427664 seconds.
  path: Assets/Materials/after-collision.mat
  artifactKey: Guid(efb03d8ed119a0b4880a937e63c7fc19) Importer(815301076,1909f56bfc062723c751e8b465ee728b)
Start importing Assets/Materials/after-collision.mat using Guid(efb03d8ed119a0b4880a937e63c7fc19) Importer(815301076,1909f56bfc062723c751e8b465ee728b)  -> (artifact id: 'e655432ffa591a285708cad3243ce5b0') in 0.007456 seconds 
  Import took 0.011295 seconds .

========================================================================
Received Import Request.
  Time since last request: 786.270494 seconds.
  path: Assets/Oculus/Avatar
  artifactKey: Guid(926f2375bb30f1a468b2b21e8e3b279d) Importer(815301076,1909f56bfc062723c751e8b465ee728b)
Start importing Assets/Oculus/Avatar using Guid(926f2375bb30f1a468b2b21e8e3b279d) Importer(815301076,1909f56bfc062723c751e8b465ee728b)  -> (artifact id: 'cd1299c85a75d47283995306d5527155') in 0.001822 seconds 
  Import took 0.006121 seconds .

========================================================================
Received Import Request.
  Time since last request: 2.961723 seconds.
  path: Assets/Oculus/Avatar/Samples
  artifactKey: Guid(b18c7ae976868a4499e2dbd7f60e92a4) Importer(815301076,1909f56bfc062723c751e8b465ee728b)
Start importing Assets/Oculus/Avatar/Samples using Guid(b18c7ae976868a4499e2dbd7f60e92a4) Importer(815301076,1909f56bfc062723c751e8b465ee728b)  -> (artifact id: '8769a539d6e608859d0925859db3bbfd') in 0.001440 seconds 
  Import took 0.005027 seconds .

========================================================================
Received Import Request.
  Time since last request: 3.517434 seconds.
  path: Assets/Oculus/Avatar/Content
  artifactKey: Guid(b7b5af4818686f84f844c1ae9df0f700) Importer(815301076,1909f56bfc062723c751e8b465ee728b)
Start importing Assets/Oculus/Avatar/Content using Guid(b7b5af4818686f84f844c1ae9df0f700) Importer(815301076,1909f56bfc062723c751e8b465ee728b)  -> (artifact id: '252859fa27c1b35d9e2707a901a54614') in 0.001643 seconds 
  Import took 0.006015 seconds .

========================================================================
Received Import Request.
  Time since last request: 1.065493 seconds.
  path: Assets/Oculus/Avatar/Content/Prefabs
  artifactKey: Guid(e2c4ef7503877e647b22a4089384f04f) Importer(815301076,1909f56bfc062723c751e8b465ee728b)
Start importing Assets/Oculus/Avatar/Content/Prefabs using Guid(e2c4ef7503877e647b22a4089384f04f) Importer(815301076,1909f56bfc062723c751e8b465ee728b)  -> (artifact id: '8a4e8dd5ad94d8a03d47de148e58d757') in 0.001360 seconds 
  Import took 0.005249 seconds .

========================================================================
Received Import Request.
  Time since last request: 1.600547 seconds.
  path: Assets/Oculus/Avatar/Content/Prefabs/LocalAvatar.prefab
  artifactKey: Guid(84c8b8609f9bb434eaf5248f17ff1293) Importer(815301076,1909f56bfc062723c751e8b465ee728b)
Start importing Assets/Oculus/Avatar/Content/Prefabs/LocalAvatar.prefab using Guid(84c8b8609f9bb434eaf5248f17ff1293) Importer(815301076,1909f56bfc062723c751e8b465ee728b)  -> (artifact id: 'ea8fcfc0486509579b6a80023c008014') in 0.011115 seconds 
  Import took 0.014387 seconds .

========================================================================
Received Import Request.
  Time since last request: 0.000334 seconds.
  path: Assets/Oculus/Avatar/Content/Prefabs/RemoteAvatar.prefab
  artifactKey: Guid(90bf33f968e6bb44ea0208fc82c90a44) Importer(815301076,1909f56bfc062723c751e8b465ee728b)
Start importing Assets/Oculus/Avatar/Content/Prefabs/RemoteAvatar.prefab using Guid(90bf33f968e6bb44ea0208fc82c90a44) Importer(815301076,1909f56bfc062723c751e8b465ee728b)  -> (artifact id: 'e06d8e31a0151f9a205fe9630bd26ef0') in 0.064646 seconds 
  Import took 0.067644 seconds .

========================================================================
Received Import Request.
  Time since last request: 139.979421 seconds.
  path: Assets/Oculus/SampleFramework
  artifactKey: Guid(3bbe4995633a61d489cd4b3e00a0e197) Importer(815301076,1909f56bfc062723c751e8b465ee728b)
Start importing Assets/Oculus/SampleFramework using Guid(3bbe4995633a61d489cd4b3e00a0e197) Importer(815301076,1909f56bfc062723c751e8b465ee728b)  -> (artifact id: '59c9470827a5fdf524becd3ea5bb71ab') in 0.001516 seconds 
  Import took 0.005209 seconds .

========================================================================
Received Import Request.
  Time since last request: 3.014027 seconds.
  path: Assets/Oculus/SampleFramework/Core
  artifactKey: Guid(a6f70e53f5bf3f548b587fd2570d8f03) Importer(815301076,1909f56bfc062723c751e8b465ee728b)
Start importing Assets/Oculus/SampleFramework/Core using Guid(a6f70e53f5bf3f548b587fd2570d8f03) Importer(815301076,1909f56bfc062723c751e8b465ee728b)  -> (artifact id: 'fe7e79aff9d4235e94ce67b0c9643b01') in 0.060734 seconds 
  Import took 0.064142 seconds .

========================================================================
Received Import Request.
  Time since last request: 5.631594 seconds.
  path: Assets/Oculus/SampleFramework/Core/TouchControllers
  artifactKey: Guid(e79434b8e0637ee4f847b812ce5a58a0) Importer(815301076,1909f56bfc062723c751e8b465ee728b)
Start importing Assets/Oculus/SampleFramework/Core/TouchControllers using Guid(e79434b8e0637ee4f847b812ce5a58a0) Importer(815301076,1909f56bfc062723c751e8b465ee728b)  -> (artifact id: '4029473aee65024386f1550103e29cec') in 0.001444 seconds 
  Import took 0.005377 seconds .

========================================================================
Received Import Request.
  Time since last request: 0.054279 seconds.
  path: Assets/Oculus/SampleFramework/Core/TouchControllers/LeftControllerPf.prefab
  artifactKey: Guid(b10a4c7080e4e3c44bb60ffbaa5d0206) Importer(815301076,1909f56bfc062723c751e8b465ee728b)
Start importing Assets/Oculus/SampleFramework/Core/TouchControllers/LeftControllerPf.prefab using Guid(b10a4c7080e4e3c44bb60ffbaa5d0206) Importer(815301076,1909f56bfc062723c751e8b465ee728b)  -> (artifact id: '0123e0c56672d9cd8e2876a03c66892a') in 0.205088 seconds 
  Import took 0.209694 seconds .

========================================================================
Received Import Request.
  Time since last request: 0.000150 seconds.
  path: Assets/Oculus/SampleFramework/Core/TouchControllers/RightControllerPf.prefab
  artifactKey: Guid(fa4a34fb8bbe14649bca25aee46a5f4e) Importer(815301076,1909f56bfc062723c751e8b465ee728b)
Start importing Assets/Oculus/SampleFramework/Core/TouchControllers/RightControllerPf.prefab using Guid(fa4a34fb8bbe14649bca25aee46a5f4e) Importer(815301076,1909f56bfc062723c751e8b465ee728b)  -> (artifact id: '6064de84f8c771c2264ad84ad826d204') in 0.032528 seconds 
  Import took 0.036029 seconds .

========================================================================
Received Import Request.
  Time since last request: 37.804760 seconds.
  path: Assets/Oculus/SampleFramework/Core/Locomotion
  artifactKey: Guid(bdc7d0c9f4c191446a75a992b3c858ac) Importer(815301076,1909f56bfc062723c751e8b465ee728b)
Start importing Assets/Oculus/SampleFramework/Core/Locomotion using Guid(bdc7d0c9f4c191446a75a992b3c858ac) Importer(815301076,1909f56bfc062723c751e8b465ee728b)  -> (artifact id: '6864e01be1575dc6706940a44abf59b4') in 0.002074 seconds 
  Import took 0.006853 seconds .

========================================================================
Received Import Request.
  Time since last request: 0.067998 seconds.
  path: Assets/Oculus/SampleFramework/Core/Locomotion/PlayerController.prefab
  artifactKey: Guid(522b89d0f09cc834db5f015f40e578f3) Importer(815301076,1909f56bfc062723c751e8b465ee728b)
Start importing Assets/Oculus/SampleFramework/Core/Locomotion/PlayerController.prefab using Guid(522b89d0f09cc834db5f015f40e578f3) Importer(815301076,1909f56bfc062723c751e8b465ee728b)  -> (artifact id: 'a11249764a56615fca3c69371343b717') in 0.073508 seconds 
  Import took 0.077855 seconds .

========================================================================
Received Import Request.
  Time since last request: 0.000260 seconds.
  path: Assets/Oculus/SampleFramework/Core/Locomotion/TeleportDestination.prefab
  artifactKey: Guid(1b474618c4fc5f54e8a8b803c8352c7d) Importer(815301076,1909f56bfc062723c751e8b465ee728b)
Start importing Assets/Oculus/SampleFramework/Core/Locomotion/TeleportDestination.prefab using Guid(1b474618c4fc5f54e8a8b803c8352c7d) Importer(815301076,1909f56bfc062723c751e8b465ee728b)  -> (artifact id: '707fcc75220ab5e3741d4b4352e79707') in 0.011249 seconds 
  Import took 0.014667 seconds .

========================================================================
Received Import Request.
  Time since last request: 0.000305 seconds.
  path: Assets/Oculus/SampleFramework/Core/Locomotion/TeleportPoint.prefab
  artifactKey: Guid(ded1d2e0d283d62428212702b4ed5f3f) Importer(815301076,1909f56bfc062723c751e8b465ee728b)
Start importing Assets/Oculus/SampleFramework/Core/Locomotion/TeleportPoint.prefab using Guid(ded1d2e0d283d62428212702b4ed5f3f) Importer(815301076,1909f56bfc062723c751e8b465ee728b)  -> (artifact id: '8c061fe62f994335d49512d10697a880') in 0.037785 seconds 
  Import took 0.040932 seconds .

========================================================================
Received Import Request.
  Time since last request: 0.000249 seconds.
  path: Assets/Oculus/SampleFramework/Core/Locomotion/TeleportLaser.prefab
  artifactKey: Guid(95b2b00d2fc56fa4c806f2cda99f5f89) Importer(815301076,1909f56bfc062723c751e8b465ee728b)
Start importing Assets/Oculus/SampleFramework/Core/Locomotion/TeleportLaser.prefab using Guid(95b2b00d2fc56fa4c806f2cda99f5f89) Importer(815301076,1909f56bfc062723c751e8b465ee728b)  -> (artifact id: '0a173b9d2cdd7392a6e2fbcd194d195e') in 0.011013 seconds 
  Import took 0.014288 seconds .

========================================================================
Received Import Request.
  Time since last request: 11.216384 seconds.
  path: Assets/Oculus/SampleFramework/Core/CustomHands
  artifactKey: Guid(a8bb45e7ef4481e4db0a4da3bf699032) Importer(815301076,1909f56bfc062723c751e8b465ee728b)
Start importing Assets/Oculus/SampleFramework/Core/CustomHands using Guid(a8bb45e7ef4481e4db0a4da3bf699032) Importer(815301076,1909f56bfc062723c751e8b465ee728b)  -> (artifact id: 'f19f15cfbdb76b695ef6f807c01f9155') in 0.001717 seconds 
  Import took 0.005439 seconds .

========================================================================
Received Import Request.
  Time since last request: 2.153426 seconds.
  path: Assets/Oculus/SampleFramework/Core/CustomHands/CustomHandLeft.prefab
  artifactKey: Guid(e6ba3498ffa1e534b91a07264266e6b8) Importer(815301076,1909f56bfc062723c751e8b465ee728b)
Start importing Assets/Oculus/SampleFramework/Core/CustomHands/CustomHandLeft.prefab using Guid(e6ba3498ffa1e534b91a07264266e6b8) Importer(815301076,1909f56bfc062723c751e8b465ee728b)  -> (artifact id: 'fd61cf058e857b1a6c0aa59323c64c67') in 0.013170 seconds 
  Import took 0.017257 seconds .

========================================================================
Received Import Request.
  Time since last request: 0.000323 seconds.
  path: Assets/Oculus/SampleFramework/Core/CustomHands/CustomHandRight.prefab
  artifactKey: Guid(ba1fa4a8c66106b4988c88fe4b8e8502) Importer(815301076,1909f56bfc062723c751e8b465ee728b)
Start importing Assets/Oculus/SampleFramework/Core/CustomHands/CustomHandRight.prefab using Guid(ba1fa4a8c66106b4988c88fe4b8e8502) Importer(815301076,1909f56bfc062723c751e8b465ee728b)  -> (artifact id: 'd5bdecb54b958b6aeefca9e3d2bd1522') in 0.022387 seconds 
  Import took 0.025793 seconds .

========================================================================
Received Import Request.
  Time since last request: 0.000237 seconds.
  path: Assets/Oculus/SampleFramework/Core/CustomHands/GrabConeVolume.asset
  artifactKey: Guid(687d21fc72e51324cbb1c3078c72718e) Importer(815301076,1909f56bfc062723c751e8b465ee728b)
Start importing Assets/Oculus/SampleFramework/Core/CustomHands/GrabConeVolume.asset using Guid(687d21fc72e51324cbb1c3078c72718e) Importer(815301076,1909f56bfc062723c751e8b465ee728b)  -> (artifact id: '742de09419a3647304c249dd0e60dcd8') in 0.029822 seconds 
  Import took 0.033555 seconds .

========================================================================
Received Import Request.
  Time since last request: 13.173059 seconds.
  path: Assets/Oculus/SampleFramework/Core/HandsInteraction
  artifactKey: Guid(6e0d74ebd3e451c4b89f6c54c932b8cf) Importer(815301076,1909f56bfc062723c751e8b465ee728b)
Start importing Assets/Oculus/SampleFramework/Core/HandsInteraction using Guid(6e0d74ebd3e451c4b89f6c54c932b8cf) Importer(815301076,1909f56bfc062723c751e8b465ee728b)  -> (artifact id: 'b9b97bccf3193dc6f8db15d5b024c262') in 0.001518 seconds 
  Import took 0.005425 seconds .

========================================================================
Received Import Request.
  Time since last request: 4.169287 seconds.
  path: Assets/Oculus/SampleFramework/Core/HandsInteraction/Prefabs
  artifactKey: Guid(cbbc3e3307530c94eb28bc511019cac0) Importer(815301076,1909f56bfc062723c751e8b465ee728b)
Start importing Assets/Oculus/SampleFramework/Core/HandsInteraction/Prefabs using Guid(cbbc3e3307530c94eb28bc511019cac0) Importer(815301076,1909f56bfc062723c751e8b465ee728b)  -> (artifact id: '70dbbbbdb81b7a16f12d0c1c1c4a1d8e') in 0.001289 seconds 
  Import took 0.005381 seconds .

========================================================================
Received Import Request.
  Time since last request: 0.055051 seconds.
  path: Assets/Oculus/SampleFramework/Core/HandsInteraction/Prefabs/FingerTipPokeToolIndex.prefab
  artifactKey: Guid(54e898404b081ae438d0b5d097aae07a) Importer(815301076,1909f56bfc062723c751e8b465ee728b)
Start importing Assets/Oculus/SampleFramework/Core/HandsInteraction/Prefabs/FingerTipPokeToolIndex.prefab using Guid(54e898404b081ae438d0b5d097aae07a) Importer(815301076,1909f56bfc062723c751e8b465ee728b)  -> (artifact id: '5b1782cad7f34e04ca7a7d3391cf2f43') in 0.027264 seconds 
  Import took 0.030573 seconds .

========================================================================
Received Import Request.
  Time since last request: 0.000258 seconds.
  path: Assets/Oculus/SampleFramework/Core/HandsInteraction/Prefabs/HandsManager.prefab
  artifactKey: Guid(cbdf09e3b0f1ac246914a74904002cb6) Importer(815301076,1909f56bfc062723c751e8b465ee728b)
Start importing Assets/Oculus/SampleFramework/Core/HandsInteraction/Prefabs/HandsManager.prefab using Guid(cbdf09e3b0f1ac246914a74904002cb6) Importer(815301076,1909f56bfc062723c751e8b465ee728b)  -> (artifact id: '14a5eda32d9a277004b9e21f0d7b9f7a') in 0.003618 seconds 
  Import took 0.006339 seconds .

========================================================================
Received Import Request.
  Time since last request: 0.000298 seconds.
  path: Assets/Oculus/SampleFramework/Core/HandsInteraction/Prefabs/RayTool.prefab
  artifactKey: Guid(50f797a2ff610ca4099b5cf42214abd5) Importer(815301076,1909f56bfc062723c751e8b465ee728b)
Start importing Assets/Oculus/SampleFramework/Core/HandsInteraction/Prefabs/RayTool.prefab using Guid(50f797a2ff610ca4099b5cf42214abd5) Importer(815301076,1909f56bfc062723c751e8b465ee728b)  -> (artifact id: '55623b9bfef526fe90c9500f5aad6fe0') in 0.026965 seconds 
  Import took 0.030418 seconds .

========================================================================
Received Import Request.
  Time since last request: 0.000229 seconds.
  path: Assets/Oculus/SampleFramework/Core/HandsInteraction/Prefabs/FingerTipPokeToolThumb.prefab
  artifactKey: Guid(cf111ea2144c9504d95ffc8cd94475bc) Importer(815301076,1909f56bfc062723c751e8b465ee728b)
Start importing Assets/Oculus/SampleFramework/Core/HandsInteraction/Prefabs/FingerTipPokeToolThumb.prefab using Guid(cf111ea2144c9504d95ffc8cd94475bc) Importer(815301076,1909f56bfc062723c751e8b465ee728b)  -> (artifact id: '3188a704d38a41617dc82a8a366cdd59') in 0.009530 seconds 
  Import took 0.012718 seconds .

========================================================================
Received Import Request.
  Time since last request: 0.000164 seconds.
  path: Assets/Oculus/SampleFramework/Core/HandsInteraction/Prefabs/FingerTipPokeToolRing.prefab
  artifactKey: Guid(b6168aea9d5fbf2448d74ed414bdca3b) Importer(815301076,1909f56bfc062723c751e8b465ee728b)
Start importing Assets/Oculus/SampleFramework/Core/HandsInteraction/Prefabs/FingerTipPokeToolRing.prefab using Guid(b6168aea9d5fbf2448d74ed414bdca3b) Importer(815301076,1909f56bfc062723c751e8b465ee728b)  -> (artifact id: '6c6470aad6e295bdbdf8031b42ee32d7') in 0.007573 seconds 
  Import took 0.011090 seconds .

========================================================================
Received Import Request.
  Time since last request: 0.000162 seconds.
  path: Assets/Oculus/SampleFramework/Core/HandsInteraction/Prefabs/InteractableToolsSDKDriver.prefab
  artifactKey: Guid(2ced187cdc1b6b94da2fd30a37e8bc41) Importer(815301076,1909f56bfc062723c751e8b465ee728b)
Start importing Assets/Oculus/SampleFramework/Core/HandsInteraction/Prefabs/InteractableToolsSDKDriver.prefab using Guid(2ced187cdc1b6b94da2fd30a37e8bc41) Importer(815301076,1909f56bfc062723c751e8b465ee728b)  -> (artifact id: 'b3780e3c35a852664ad7de48ff92074a') in 0.004994 seconds 
  Import took 0.008616 seconds .

========================================================================
Received Import Request.
  Time since last request: 0.000221 seconds.
  path: Assets/Oculus/SampleFramework/Core/HandsInteraction/Prefabs/FingerTipPokeToolPinky.prefab
  artifactKey: Guid(d64b2e1f5538eca479e4bc093f451518) Importer(815301076,1909f56bfc062723c751e8b465ee728b)
Start importing Assets/Oculus/SampleFramework/Core/HandsInteraction/Prefabs/FingerTipPokeToolPinky.prefab using Guid(d64b2e1f5538eca479e4bc093f451518) Importer(815301076,1909f56bfc062723c751e8b465ee728b)  -> (artifact id: '38558b4e7ec0774e34ef1a2235ece93a') in 0.008269 seconds 
  Import took 0.011434 seconds .

========================================================================
Received Import Request.
  Time since last request: 0.000202 seconds.
  path: Assets/Oculus/SampleFramework/Core/HandsInteraction/Prefabs/FingerTipPokeToolMiddle.prefab
  artifactKey: Guid(fa0335bbc63fc1b46b9b6d2b41d39f6d) Importer(815301076,1909f56bfc062723c751e8b465ee728b)
Start importing Assets/Oculus/SampleFramework/Core/HandsInteraction/Prefabs/FingerTipPokeToolMiddle.prefab using Guid(fa0335bbc63fc1b46b9b6d2b41d39f6d) Importer(815301076,1909f56bfc062723c751e8b465ee728b)  -> (artifact id: '1e5e81667b5060b467df2c39d4a86185') in 0.008728 seconds 
  Import took 0.012175 seconds .

========================================================================
Received Import Request.
  Time since last request: 23.518552 seconds.
  path: Assets/Oculus/Avatar/Samples/AvatarGallery
  artifactKey: Guid(35f0ba21582517e45900137034e130af) Importer(815301076,1909f56bfc062723c751e8b465ee728b)
Start importing Assets/Oculus/Avatar/Samples/AvatarGallery using Guid(35f0ba21582517e45900137034e130af) Importer(815301076,1909f56bfc062723c751e8b465ee728b)  -> (artifact id: '2b435ec1cd06163d8fab460726a5027a') in 0.001448 seconds 
  Import took 0.005622 seconds .

========================================================================
Received Import Request.
  Time since last request: 1.686420 seconds.
  path: Assets/Oculus/Avatar/Samples/Controllers
  artifactKey: Guid(2856d681f3672e641a2e57df9676108c) Importer(815301076,1909f56bfc062723c751e8b465ee728b)
Start importing Assets/Oculus/Avatar/Samples/Controllers using Guid(2856d681f3672e641a2e57df9676108c) Importer(815301076,1909f56bfc062723c751e8b465ee728b)  -> (artifact id: 'e7c2e805b3c76fb01b3b865439b7d433') in 0.001576 seconds 
  Import took 0.005327 seconds .

========================================================================
Received Import Request.
  Time since last request: 3.318042 seconds.
  path: Assets/Oculus/Avatar/Samples/LocalAvatar
  artifactKey: Guid(2883b756c033a864ca988b3f522f3339) Importer(815301076,1909f56bfc062723c751e8b465ee728b)
Start importing Assets/Oculus/Avatar/Samples/LocalAvatar using Guid(2883b756c033a864ca988b3f522f3339) Importer(815301076,1909f56bfc062723c751e8b465ee728b)  -> (artifact id: '91d71e8fe9ea42b7e98b5007031f77b3') in 0.001175 seconds 
  Import took 0.004945 seconds .

========================================================================
Received Import Request.
  Time since last request: 4.953557 seconds.
  path: Assets/Oculus/Avatar/Samples/LocalAvatar/Prefabs
  artifactKey: Guid(6ab4fae765a78ff4891d22240708e124) Importer(815301076,1909f56bfc062723c751e8b465ee728b)
Start importing Assets/Oculus/Avatar/Samples/LocalAvatar/Prefabs using Guid(6ab4fae765a78ff4891d22240708e124) Importer(815301076,1909f56bfc062723c751e8b465ee728b)  -> (artifact id: '83b4975cfecf98fd5b63b427cf5e9852') in 0.001409 seconds 
  Import took 0.004940 seconds .

========================================================================
Received Import Request.
  Time since last request: 0.042215 seconds.
  path: Assets/Oculus/Avatar/Samples/LocalAvatar/Prefabs/GazeTarget.prefab
  artifactKey: Guid(38d5bb078fd83c9428125e487bef4a1a) Importer(815301076,1909f56bfc062723c751e8b465ee728b)
Start importing Assets/Oculus/Avatar/Samples/LocalAvatar/Prefabs/GazeTarget.prefab using Guid(38d5bb078fd83c9428125e487bef4a1a) Importer(815301076,1909f56bfc062723c751e8b465ee728b)  -> (artifact id: '572f9f1f47d4eb49a4cf051d0a3b5fd6') in 0.068883 seconds 
  Import took 0.072348 seconds .

========================================================================
Received Import Request.
  Time since last request: 0.000310 seconds.
  path: Assets/Oculus/Avatar/Samples/LocalAvatar/Prefabs/GazeTargetSpawner.prefab
  artifactKey: Guid(93c8b27ca530be741a2ea419a122d453) Importer(815301076,1909f56bfc062723c751e8b465ee728b)
Start importing Assets/Oculus/Avatar/Samples/LocalAvatar/Prefabs/GazeTargetSpawner.prefab using Guid(93c8b27ca530be741a2ea419a122d453) Importer(815301076,1909f56bfc062723c751e8b465ee728b)  -> (artifact id: 'c15d01df115d327f808f372054812d3d') in 0.004412 seconds 
  Import took 0.007499 seconds .

========================================================================
Received Prepare
Shader 'Oculus/OVRMRCameraFrameLit': fallback shader 'Alpha-Diffuse' not found
Refreshing native plugins compatible for Editor in 8.12 ms, found 6 plugins.
Preloading 1 native plugins for Editor in 0.07 ms.
Unloading 38 Unused Serialized files (Serialized files now loaded: 0)
System memory in use before: 83.4 MB.
System memory in use after: 83.6 MB.

Unloading 38 unused Assets to reduce memory usage. Loaded Objects now: 3060.
Total: 3.881200 ms (FindLiveObjects: 0.206500 ms CreateObjectMapping: 0.144400 ms MarkObjects: 3.514100 ms  DeleteObjects: 0.015400 ms)

AssetImportParameters requested are different than current active one (requested -> active):
  custom:framework-win-MediaFoundation: 216162199b28c13a410421893ffa2e32 -> 
  custom:video-decoder-ogg-theora: a1e56fd34408186e4bbccfd4996cb3dc -> 
  custom:container-muxer-webm: aa71ff27fc2769a1b78a27578f13a17b -> 
  custom:container-demuxer-webm: 4f35f7cbe854078d1ac9338744f61a02 -> 
  custom:container-demuxer-ogg: 62fdf1f143b41e24485cea50d1cbac27 -> 
  custom:video-encoder-webm-vp8: eb34c28f22e8b96e1ab97ce403110664 -> 
  custom:video-decoder-webm-vp8: 9c59270c3fd7afecdb556c50c9e8de78 -> 
  custom:audio-decoder-ogg-vorbis: bf7c407c2cedff20999df2af8eb42d56 -> 
  custom:audio-encoder-webm-vorbis: bf7c407c2cedff20999df2af8eb42d56 -> 
========================================================================
Received Prepare
Shader 'Oculus/OVRMRCameraFrameLit': fallback shader 'Alpha-Diffuse' not found
Refreshing native plugins compatible for Editor in 7.21 ms, found 6 plugins.
Preloading 1 native plugins for Editor in 0.07 ms.
Unloading 38 Unused Serialized files (Serialized files now loaded: 0)
System memory in use before: 83.4 MB.
System memory in use after: 83.6 MB.

Unloading 38 unused Assets to reduce memory usage. Loaded Objects now: 3060.
Total: 3.474000 ms (FindLiveObjects: 0.208500 ms CreateObjectMapping: 0.107200 ms MarkObjects: 3.143700 ms  DeleteObjects: 0.014000 ms)

AssetImportParameters requested are different than current active one (requested -> active):
  custom:framework-win-MediaFoundation: 216162199b28c13a410421893ffa2e32 -> 
  custom:video-decoder-ogg-theora: a1e56fd34408186e4bbccfd4996cb3dc -> 
  custom:container-muxer-webm: aa71ff27fc2769a1b78a27578f13a17b -> 
  custom:container-demuxer-webm: 4f35f7cbe854078d1ac9338744f61a02 -> 
  custom:container-demuxer-ogg: 62fdf1f143b41e24485cea50d1cbac27 -> 
  custom:video-encoder-webm-vp8: eb34c28f22e8b96e1ab97ce403110664 -> 
  custom:video-decoder-webm-vp8: 9c59270c3fd7afecdb556c50c9e8de78 -> 
  custom:audio-decoder-ogg-vorbis: bf7c407c2cedff20999df2af8eb42d56 -> 
  custom:audio-encoder-webm-vorbis: bf7c407c2cedff20999df2af8eb42d56 -> 
========================================================================
Received Prepare
Shader 'Oculus/OVRMRCameraFrameLit': fallback shader 'Alpha-Diffuse' not found
Refreshing native plugins compatible for Editor in 11.25 ms, found 6 plugins.
Preloading 1 native plugins for Editor in 0.12 ms.
Unloading 38 Unused Serialized files (Serialized files now loaded: 0)
System memory in use before: 83.4 MB.
System memory in use after: 83.6 MB.

Unloading 38 unused Assets to reduce memory usage. Loaded Objects now: 3060.
Total: 3.921300 ms (FindLiveObjects: 0.283600 ms CreateObjectMapping: 0.162600 ms MarkObjects: 3.454900 ms  DeleteObjects: 0.019100 ms)

AssetImportParameters requested are different than current active one (requested -> active):
  custom:framework-win-MediaFoundation: 216162199b28c13a410421893ffa2e32 -> 
  custom:video-decoder-ogg-theora: a1e56fd34408186e4bbccfd4996cb3dc -> 
  custom:container-muxer-webm: aa71ff27fc2769a1b78a27578f13a17b -> 
  custom:container-demuxer-webm: 4f35f7cbe854078d1ac9338744f61a02 -> 
  custom:container-demuxer-ogg: 62fdf1f143b41e24485cea50d1cbac27 -> 
  custom:video-encoder-webm-vp8: eb34c28f22e8b96e1ab97ce403110664 -> 
  custom:video-decoder-webm-vp8: 9c59270c3fd7afecdb556c50c9e8de78 -> 
  custom:audio-decoder-ogg-vorbis: bf7c407c2cedff20999df2af8eb42d56 -> 
  custom:audio-encoder-webm-vorbis: bf7c407c2cedff20999df2af8eb42d56 -> 
========================================================================
Received Prepare
Registering precompiled user dll's ...
Registered in 0.003620 seconds.
Begin MonoManager ReloadAssembly
Native extension for WindowsStandalone target not found
Refreshing native plugins compatible for Editor in 0.80 ms, found 6 plugins.
Preloading 1 native plugins for Editor in 0.07 ms.
Mono: successfully reloaded assembly
- Completed reload, in  0.856 seconds
Domain Reload Profiling:
	ReloadAssembly (856ms)
		BeginReloadAssembly (89ms)
			ExecutionOrderSort (0ms)
			DisableScriptedObjects (3ms)
			BackupInstance (0ms)
			ReleaseScriptingObjects (0ms)
			CreateAndSetChildDomain (30ms)
		EndReloadAssembly (719ms)
			LoadAssemblies (72ms)
			RebuildTransferFunctionScriptingTraits (0ms)
			SetupTypeCache (258ms)
			ReleaseScriptCaches (1ms)
			RebuildScriptCaches (35ms)
			SetupLoadedEditorAssemblies (254ms)
				LogAssemblyErrors (0ms)
				InitializePlatformSupportModulesInManaged (4ms)
				SetLoadedEditorAssemblies (0ms)
				RefreshPlugins (1ms)
				BeforeProcessingInitializeOnLoad (50ms)
				ProcessInitializeOnLoadAttributes (185ms)
				ProcessInitializeOnLoadMethodAttributes (11ms)
				AfterProcessingInitializeOnLoad (3ms)
				EditorAssembliesLoaded (0ms)
			ExecutionOrderSort2 (0ms)
			AwakeInstancesAfterBackupRestoration (6ms)
Platform modules already initialized, skipping
Switching build target platform(19) subTarget(0) extendedPlatform(0) -> platform(13) subTarget(524294) extendedPlatform(0)
Shader 'Oculus/OVRMRCameraFrameLit': fallback shader 'Alpha-Diffuse' not found
Refreshing native plugins compatible for Editor in 0.84 ms, found 6 plugins.
Preloading 1 native plugins for Editor in 0.07 ms.
Unloading 2510 Unused Serialized files (Serialized files now loaded: 0)
System memory in use before: 127.6 MB.
System memory in use after: 127.9 MB.

Unloading 41 unused Assets to reduce memory usage. Loaded Objects now: 3063.
Total: 2.682200 ms (FindLiveObjects: 0.208800 ms CreateObjectMapping: 0.106300 ms MarkObjects: 2.343400 ms  DeleteObjects: 0.022700 ms)

AssetImportParameters requested are different than current active one (requested -> active):
  custom:framework-win-MediaFoundation: 216162199b28c13a410421893ffa2e32 -> 
  custom:video-decoder-ogg-theora: a1e56fd34408186e4bbccfd4996cb3dc -> 
  custom:container-muxer-webm: aa71ff27fc2769a1b78a27578f13a17b -> 
  custom:container-demuxer-webm: 4f35f7cbe854078d1ac9338744f61a02 -> 
  custom:container-demuxer-ogg: 62fdf1f143b41e24485cea50d1cbac27 -> 
  custom:video-encoder-webm-vp8: eb34c28f22e8b96e1ab97ce403110664 -> 
  custom:video-decoder-webm-vp8: 9c59270c3fd7afecdb556c50c9e8de78 -> 
  custom:graphics/normal-map-encoding: 01000000000000000000000000000000 -> 02000000000000000000000000000000
  custom:audio-decoder-ogg-vorbis: bf7c407c2cedff20999df2af8eb42d56 -> 
  custom:audio-encoder-webm-vorbis: bf7c407c2cedff20999df2af8eb42d56 -> 
========================================================================
Received Prepare
Registering precompiled user dll's ...
Registered in 0.005001 seconds.
Begin MonoManager ReloadAssembly
Native extension for WindowsStandalone target not found
Refreshing native plugins compatible for Editor in 0.80 ms, found 6 plugins.
Preloading 1 native plugins for Editor in 0.07 ms.
Mono: successfully reloaded assembly
- Completed reload, in  0.870 seconds
Domain Reload Profiling:
	ReloadAssembly (870ms)
		BeginReloadAssembly (90ms)
			ExecutionOrderSort (0ms)
			DisableScriptedObjects (5ms)
			BackupInstance (0ms)
			ReleaseScriptingObjects (0ms)
			CreateAndSetChildDomain (28ms)
		EndReloadAssembly (728ms)
			LoadAssemblies (72ms)
			RebuildTransferFunctionScriptingTraits (0ms)
			SetupTypeCache (268ms)
			ReleaseScriptCaches (1ms)
			RebuildScriptCaches (37ms)
			SetupLoadedEditorAssemblies (255ms)
				LogAssemblyErrors (0ms)
				InitializePlatformSupportModulesInManaged (4ms)
				SetLoadedEditorAssemblies (0ms)
				RefreshPlugins (1ms)
				BeforeProcessingInitializeOnLoad (50ms)
				ProcessInitializeOnLoadAttributes (187ms)
				ProcessInitializeOnLoadMethodAttributes (10ms)
				AfterProcessingInitializeOnLoad (3ms)
				EditorAssembliesLoaded (0ms)
			ExecutionOrderSort2 (0ms)
			AwakeInstancesAfterBackupRestoration (5ms)
Platform modules already initialized, skipping
Switching build target platform(19) subTarget(0) extendedPlatform(0) -> platform(13) subTarget(524294) extendedPlatform(0)
Shader 'Oculus/OVRMRCameraFrameLit': fallback shader 'Alpha-Diffuse' not found
Refreshing native plugins compatible for Editor in 0.84 ms, found 6 plugins.
Preloading 1 native plugins for Editor in 0.07 ms.
Unloading 2510 Unused Serialized files (Serialized files now loaded: 0)
System memory in use before: 127.7 MB.
System memory in use after: 127.9 MB.

Unloading 41 unused Assets to reduce memory usage. Loaded Objects now: 3066.
Total: 2.895800 ms (FindLiveObjects: 0.226800 ms CreateObjectMapping: 0.105400 ms MarkObjects: 2.540400 ms  DeleteObjects: 0.022200 ms)

AssetImportParameters requested are different than current active one (requested -> active):
  custom:framework-win-MediaFoundation: 216162199b28c13a410421893ffa2e32 -> 
  custom:video-decoder-ogg-theora: a1e56fd34408186e4bbccfd4996cb3dc -> 
  custom:container-muxer-webm: aa71ff27fc2769a1b78a27578f13a17b -> 
  custom:container-demuxer-webm: 4f35f7cbe854078d1ac9338744f61a02 -> 
  custom:container-demuxer-ogg: 62fdf1f143b41e24485cea50d1cbac27 -> 
  custom:video-encoder-webm-vp8: eb34c28f22e8b96e1ab97ce403110664 -> 
  custom:video-decoder-webm-vp8: 9c59270c3fd7afecdb556c50c9e8de78 -> 
  custom:graphics/normal-map-encoding: 01000000000000000000000000000000 -> 02000000000000000000000000000000
  custom:audio-decoder-ogg-vorbis: bf7c407c2cedff20999df2af8eb42d56 -> 
  custom:audio-encoder-webm-vorbis: bf7c407c2cedff20999df2af8eb42d56 -> 
========================================================================
Received Prepare
Shader 'Oculus/OVRMRCameraFrameLit': fallback shader 'Alpha-Diffuse' not found
Refreshing native plugins compatible for Editor in 7.42 ms, found 6 plugins.
Preloading 1 native plugins for Editor in 0.05 ms.
Unloading 38 Unused Serialized files (Serialized files now loaded: 0)
System memory in use before: 79.1 MB.
System memory in use after: 79.4 MB.

Unloading 38 unused Assets to reduce memory usage. Loaded Objects now: 3066.
Total: 2.586400 ms (FindLiveObjects: 0.190000 ms CreateObjectMapping: 0.214100 ms MarkObjects: 2.168100 ms  DeleteObjects: 0.013400 ms)

AssetImportParameters requested are different than current active one (requested -> active):
  custom:framework-win-MediaFoundation: 216162199b28c13a410421893ffa2e32 -> 
  custom:video-decoder-ogg-theora: a1e56fd34408186e4bbccfd4996cb3dc -> 
  custom:container-muxer-webm: aa71ff27fc2769a1b78a27578f13a17b -> 
  custom:container-demuxer-webm: 4f35f7cbe854078d1ac9338744f61a02 -> 
  custom:container-demuxer-ogg: 62fdf1f143b41e24485cea50d1cbac27 -> 
  custom:video-encoder-webm-vp8: eb34c28f22e8b96e1ab97ce403110664 -> 
  custom:video-decoder-webm-vp8: 9c59270c3fd7afecdb556c50c9e8de78 -> 
  custom:audio-decoder-ogg-vorbis: bf7c407c2cedff20999df2af8eb42d56 -> 
  custom:audio-encoder-webm-vorbis: bf7c407c2cedff20999df2af8eb42d56 -> 
========================================================================
Received Prepare
Shader 'Oculus/OVRMRCameraFrameLit': fallback shader 'Alpha-Diffuse' not found
Refreshing native plugins compatible for Editor in 7.18 ms, found 6 plugins.
Preloading 1 native plugins for Editor in 0.05 ms.
Unloading 38 Unused Serialized files (Serialized files now loaded: 0)
System memory in use before: 79.1 MB.
System memory in use after: 79.4 MB.

Unloading 38 unused Assets to reduce memory usage. Loaded Objects now: 3066.
Total: 2.854800 ms (FindLiveObjects: 0.234500 ms CreateObjectMapping: 0.094900 ms MarkObjects: 2.513000 ms  DeleteObjects: 0.011700 ms)

AssetImportParameters requested are different than current active one (requested -> active):
  custom:framework-win-MediaFoundation: 216162199b28c13a410421893ffa2e32 -> 
  custom:video-decoder-ogg-theora: a1e56fd34408186e4bbccfd4996cb3dc -> 
  custom:container-muxer-webm: aa71ff27fc2769a1b78a27578f13a17b -> 
  custom:container-demuxer-webm: 4f35f7cbe854078d1ac9338744f61a02 -> 
  custom:container-demuxer-ogg: 62fdf1f143b41e24485cea50d1cbac27 -> 
  custom:video-encoder-webm-vp8: eb34c28f22e8b96e1ab97ce403110664 -> 
  custom:video-decoder-webm-vp8: 9c59270c3fd7afecdb556c50c9e8de78 -> 
  custom:audio-decoder-ogg-vorbis: bf7c407c2cedff20999df2af8eb42d56 -> 
  custom:audio-encoder-webm-vorbis: bf7c407c2cedff20999df2af8eb42d56 -> 
========================================================================
Received Prepare
Shader 'Oculus/OVRMRCameraFrameLit': fallback shader 'Alpha-Diffuse' not found
Refreshing native plugins compatible for Editor in 7.51 ms, found 6 plugins.
Preloading 1 native plugins for Editor in 0.07 ms.
Unloading 38 Unused Serialized files (Serialized files now loaded: 0)
System memory in use before: 79.1 MB.
System memory in use after: 79.4 MB.

Unloading 38 unused Assets to reduce memory usage. Loaded Objects now: 3066.
Total: 2.596900 ms (FindLiveObjects: 0.200800 ms CreateObjectMapping: 0.098100 ms MarkObjects: 2.282900 ms  DeleteObjects: 0.014500 ms)

AssetImportParameters requested are different than current active one (requested -> active):
  custom:framework-win-MediaFoundation: 216162199b28c13a410421893ffa2e32 -> 
  custom:video-decoder-ogg-theora: a1e56fd34408186e4bbccfd4996cb3dc -> 
  custom:container-muxer-webm: aa71ff27fc2769a1b78a27578f13a17b -> 
  custom:container-demuxer-webm: 4f35f7cbe854078d1ac9338744f61a02 -> 
  custom:container-demuxer-ogg: 62fdf1f143b41e24485cea50d1cbac27 -> 
  custom:video-encoder-webm-vp8: eb34c28f22e8b96e1ab97ce403110664 -> 
  custom:video-decoder-webm-vp8: 9c59270c3fd7afecdb556c50c9e8de78 -> 
  custom:audio-decoder-ogg-vorbis: bf7c407c2cedff20999df2af8eb42d56 -> 
  custom:audio-encoder-webm-vorbis: bf7c407c2cedff20999df2af8eb42d56 -> 
AssetImportWorkerClient::OnTransportError - code=2 error=End of file
